[debug] [2022-06-16T19:57:16.450Z] ----------------------------------------------------------------------
[debug] [2022-06-16T19:57:16.452Z] Command:       C:\Program Files\nodejs\node.exe C:\Users\alber\AppData\Roaming\npm\node_modules\firebase-tools\lib\bin\firebase.js deploy --only hosting
[debug] [2022-06-16T19:57:16.452Z] CLI Version:   11.0.1
[debug] [2022-06-16T19:57:16.453Z] Platform:      win32
[debug] [2022-06-16T19:57:16.453Z] Node Version:  v16.14.2
[debug] [2022-06-16T19:57:16.460Z] Time:          Thu Jun 16 2022 16:57:16 GMT-0300 (hora estándar de Argentina)
[debug] [2022-06-16T19:57:16.461Z] ----------------------------------------------------------------------
[debug] 
[debug] [2022-06-16T19:57:16.465Z] >>> [apiv2][query] GET https://firebase-public.firebaseio.com/cli.json [none]
[debug] [2022-06-16T19:57:16.606Z] > command requires scopes: ["email","openid","https://www.googleapis.com/auth/cloudplatformprojects.readonly","https://www.googleapis.com/auth/firebase","https://www.googleapis.com/auth/cloud-platform"]
[debug] [2022-06-16T19:57:16.606Z] > authorizing via signed-in user (albertoggm1@gmail.com)
[debug] [2022-06-16T19:57:16.606Z] [iam] checking project clinica-giffard for permissions ["firebase.projects.get","firebasehosting.sites.update"]
[debug] [2022-06-16T19:57:16.607Z] > refreshing access token with scopes: []
[debug] [2022-06-16T19:57:16.608Z] >>> HTTP REQUEST POST https://www.googleapis.com/oauth2/v3/token  
 <request body omitted>
[debug] [2022-06-16T19:57:16.766Z] <<< HTTP RESPONSE 200 {"pragma":"no-cache","expires":"Mon, 01 Jan 1990 00:00:00 GMT","cache-control":"no-cache, no-store, max-age=0, must-revalidate","date":"Thu, 16 Jun 2022 19:57:17 GMT","content-type":"application/json; charset=utf-8","vary":"X-Origin, Referer, Origin,Accept-Encoding","server":"scaffolding on HTTPServer2","x-xss-protection":"0","x-frame-options":"SAMEORIGIN","x-content-type-options":"nosniff","alt-svc":"h3=\":443\"; ma=2592000,h3-29=\":443\"; ma=2592000,h3-Q050=\":443\"; ma=2592000,h3-Q046=\":443\"; ma=2592000,h3-Q043=\":443\"; ma=2592000,quic=\":443\"; ma=2592000; v=\"46,43\"","accept-ranges":"none","transfer-encoding":"chunked"}
[debug] [2022-06-16T19:57:16.861Z] >>> [apiv2][query] POST https://cloudresourcemanager.googleapis.com/v1/projects/clinica-giffard:testIamPermissions [none]
[debug] [2022-06-16T19:57:16.861Z] >>> [apiv2][body] POST https://cloudresourcemanager.googleapis.com/v1/projects/clinica-giffard:testIamPermissions {"permissions":["firebase.projects.get","firebasehosting.sites.update"]}
[debug] [2022-06-16T19:57:17.202Z] <<< [apiv2][status] GET https://firebase-public.firebaseio.com/cli.json 200
[debug] [2022-06-16T19:57:17.202Z] <<< [apiv2][body] GET https://firebase-public.firebaseio.com/cli.json {"cloudBuildErrorAfter":1594252800000,"cloudBuildWarnAfter":1590019200000,"defaultNode10After":1594252800000,"minVersion":"3.0.5","node8DeploysDisabledAfter":1613390400000,"node8RuntimeDisabledAfter":1615809600000,"node8WarnAfter":1600128000000}
[debug] [2022-06-16T19:57:17.714Z] <<< [apiv2][status] POST https://cloudresourcemanager.googleapis.com/v1/projects/clinica-giffard:testIamPermissions 200
[debug] [2022-06-16T19:57:17.714Z] <<< [apiv2][body] POST https://cloudresourcemanager.googleapis.com/v1/projects/clinica-giffard:testIamPermissions {"permissions":["firebase.projects.get","firebasehosting.sites.update"]}
[debug] [2022-06-16T19:57:17.715Z] >>> [apiv2][query] GET https://firebase.googleapis.com/v1beta1/projects/clinica-giffard [none]
[debug] [2022-06-16T19:57:18.714Z] <<< [apiv2][status] GET https://firebase.googleapis.com/v1beta1/projects/clinica-giffard 200
[debug] [2022-06-16T19:57:18.714Z] <<< [apiv2][body] GET https://firebase.googleapis.com/v1beta1/projects/clinica-giffard {"projectId":"clinica-giffard","projectNumber":"196880322291","displayName":"clinica-giffard","name":"projects/clinica-giffard","resources":{"hostingSite":"clinica-giffard","storageBucket":"clinica-giffard.appspot.com","locationId":"us-central"},"state":"ACTIVE"}
[info] 
[info] === Deploying to 'clinica-giffard'...
[info] 
[info] i  deploying hosting 
[debug] [2022-06-16T19:57:18.717Z] >>> [apiv2][query] GET https://firebase.googleapis.com/v1beta1/projects/clinica-giffard [none]
[debug] [2022-06-16T19:57:19.007Z] <<< [apiv2][status] GET https://firebase.googleapis.com/v1beta1/projects/clinica-giffard 200
[debug] [2022-06-16T19:57:19.007Z] <<< [apiv2][body] GET https://firebase.googleapis.com/v1beta1/projects/clinica-giffard {"projectId":"clinica-giffard","projectNumber":"196880322291","displayName":"clinica-giffard","name":"projects/clinica-giffard","resources":{"hostingSite":"clinica-giffard","storageBucket":"clinica-giffard.appspot.com","locationId":"us-central"},"state":"ACTIVE"}
[debug] [2022-06-16T19:57:19.009Z] >>> [apiv2][query] POST https://firebasehosting.googleapis.com/v1beta1/projects/196880322291/sites/clinica-giffard/versions [none]
[debug] [2022-06-16T19:57:19.009Z] >>> [apiv2][body] POST https://firebasehosting.googleapis.com/v1beta1/projects/196880322291/sites/clinica-giffard/versions {"config":{"rewrites":[{"glob":"**","path":"/index.html"}]},"labels":{"deployment-tool":"cli-firebase"}}
[debug] [2022-06-16T19:57:29.853Z] <<< [apiv2][status] POST https://firebasehosting.googleapis.com/v1beta1/projects/196880322291/sites/clinica-giffard/versions 503
[debug] [2022-06-16T19:57:29.853Z] <<< [apiv2][body] POST https://firebasehosting.googleapis.com/v1beta1/projects/196880322291/sites/clinica-giffard/versions {"error":{"code":503,"message":"The service is currently unavailable.","status":"UNAVAILABLE"}}
[error] 
[error] Error: HTTP Error: 503, The service is currently unavailable.
[debug] [2022-06-16T19:57:29.855Z] Error Context: {
  "body": {
    "error": {
      "code": 503,
      "message": "The service is currently unavailable.",
      "status": "UNAVAILABLE"
    }
  },
  "response": {
    "statusCode": 503
  }
}
